Started GET "/" for ::1 at 2023-03-05 16:02:59 -0500
Processing by Rails::WelcomeController#index as HTML
  Rendering /Users/afstanton/.rvm/gems/ruby-3.2.1/gems/railties-7.0.4.2/lib/rails/templates/rails/welcome/index.html.erb
  Rendered /Users/afstanton/.rvm/gems/ruby-3.2.1/gems/railties-7.0.4.2/lib/rails/templates/rails/welcome/index.html.erb (Duration: 1.2ms | Allocations: 604)
Completed 200 OK in 72ms (Views: 3.5ms | ActiveRecord: 0.0ms | Allocations: 5991)


Started GET "/" for ::1 at 2023-03-05 16:03:41 -0500
Processing by WelcomeController#index as HTML
  Rendering layout layouts/application.html.erb
  Rendering welcome/index.html.erb within layouts/application
  Rendered welcome/index.html.erb within layouts/application (Duration: 1.0ms | Allocations: 333)
  Rendered layout layouts/application.html.erb (Duration: 25.9ms | Allocations: 29352)
Completed 500 Internal Server Error in 90ms (ActiveRecord: 0.0ms | Allocations: 33704)


  
ActionView::Template::Error (The asset 'application.css' was not found in the load path.):
     6:     <%= csrf_meta_tags %>
     7:     <%= csp_meta_tag %>
     8: 
     9:     <%= stylesheet_link_tag "application", "data-turbo-track": "reload" %>
    10:     <%= javascript_include_tag "application", "data-turbo-track": "reload", defer: true %>
    11:   </head>
    12: 
  
app/views/layouts/application.html.erb:9
Started GET "/" for ::1 at 2023-03-05 16:22:46 -0500
Processing by WelcomeController#index as HTML
  Rendering layout layouts/application.html.erb
  Rendering welcome/index.html.erb within layouts/application
  Rendered welcome/index.html.erb within layouts/application (Duration: 1.0ms | Allocations: 333)
  Rendered layout layouts/application.html.erb (Duration: 26.0ms | Allocations: 30224)
Completed 500 Internal Server Error in 99ms (ActiveRecord: 0.0ms | Allocations: 34718)


  
ActionView::Template::Error (The asset 'application.css' was not found in the load path.):
     6:     <%= csrf_meta_tags %>
     7:     <%= csp_meta_tag %>
     8: 
     9:     <%= stylesheet_link_tag "application", "data-turbo-track": "reload" %>
    10:     <%= javascript_include_tag "application", "data-turbo-track": "reload", defer: true %>
    11:   </head>
    12: 
  
app/views/layouts/application.html.erb:9
Writing tailwind-f2cd7f861857a5d26da0a4b1e7b51fa5cf227fe3.css
Writing MetalMania-Regular-20562c2f4940a79d26f6ed336d9bcbf86991553d.ttf
Writing Lato-Regular-0be643ac480e0cd8a0149a3e51fa21c900465c02.ttf
Writing visa-34b5545dd32db6b09192952f9b53f87c4d932015.svg
Writing image8-ef0832a32a03c27e56ed991273ba356f490c75ed.jpg
Writing image9-ea89fd31a949d4fab00b41e3c74d81dd55e3e539.jpg
Writing image14-b688af482e165c92bcf1bd9efbbf1f511934c883.jpg
Writing image15-78a7115856c77f75b37ea3edfead349a4fee8dc5.jpg
Writing image17-59015b2fe38db91b3b1340086e9d8557ee4c9d8e.jpg
Writing image16-86ad34d842a4cbec898ff813445f028903b4afe7.jpg
Writing image12-8aef453b34843d898e6e5e17d51bac015302e85c.jpg
Writing image13-e47428275c34554f6528e39b7bfe81f12f9ec6cf.jpg
Writing image11-44105da761b96fbc2abe41ebbbec80162bc29546.jpg
Writing image10-d6d417459d32d25cde1486a83717590387d642fb.jpg
Writing profile-c326b818e43f7c7da7ac1301d5b6d5e3e59febab.jpg
Writing image7-2a5d5c1d3c0741a3d5add2236b903209e4bc8cc4.jpg
Writing image6-7ba8133794d3b2fe1c3f7c85b0199242401ba1d8.jpg
Writing image4-aa8cf5268b13f537d06f6a278c76d8f586600c80.jpg
Writing image5-cb2160f2cbca1a3e0c87ad853c0d36252a42e86c.jpg
Writing image1-b9c18bf60a81913f35240e7e5fe194efb968009c.jpg
Writing image2-d6ca2c071aa38e2a8dd574afe824ac0eebb59eca.jpg
Writing image3-ca197b50dfca37a410b513f6ac887fd3e88ee294.jpg
Writing switch-78f7378b2ebef747ada5de89aa0cb6334a87f61d.json
Writing aspect_ratio-9187e9de2962485bf79556f9fc330a40f7e4eb4a.json
Writing conditional-eeffca92c3cdb746557f7ea876897ea38e2033d7.json
Writing interactive_viewer-6d7fd140db40a928923b86df9d40d7f04a3a4187.json
Writing opacity-4a4935e771187dfa2ba661036d4650631aa6f61d.json
Writing animated_theme-8441f467b245e685a561ba18a70d297020d2bd13.json
Writing intrinsic_width-57d9db3f755926f5763361d24e9caf04e772104a.json
Writing scroll_view-f6ce4a016391ed7a9af99c8fc3ada7b8011ab2c2.json
Writing slivers-0bf5cb87acb4b5866671adea9f837ca3a3d66074.json
Writing rich_text-1f10f16b58f3fe368e62ddb888ce52f9592b1506.json
Writing theme-18cdfc7a4431ddf90099d3699f0ea46e46410516.json
Writing animated_size-c6d4687aa67949d982df6ae0454cb8dea81bc78d.json
Writing set_default_value-358374dc01e7f4238c9b4cd6095c65ca800c40cd.json
Writing tooltip-e3c81f52879e6e8c988aa58f4c3312f6a5f3e940.json
Writing issue_12-9406a8a8e106d6818691eb5130219c160378b56a.json
Writing grid_view-129f9bc0eddf4695686af93d66a0d5b76d15449c.json
Writing simple_page-83802c7a110eb77ec3b042217d76f1937f7a4cdd.json
Writing indexed_stack-7f37a94e89b6498fadd40e316edd62e14f37846c.json
Writing decorated_box-39263354b7267682f6a8fe21de0a2bbb62ac1e0f.json
Writing animated_physical_model-a5acde14b4639e587a236c31fcc05627e6f73837.json
Writing measured-f49510e08ba7c591b066500bc0d7b1f03ce11955.json
Writing align-8e82f40ac419dc2ff0e3f139db44b1bf12065160.json
Writing dynamic-4441a218cd9488bb0f11196704a74a6e6e8fbf73.json
Writing animated_positioned-8faf1fecdd488284095a59d7107702970e6204b2.json
Writing limited_box-e71b79634e35760db8743dbcc5ffe8630bfcd185.json
Writing fractional_translation-9ad60d456b8cd12c9d98bc3f4c8529bbf03b7983.json
Writing animated_align-33fed7cc9b707241d0c1bb40149a5d2a92bbc424.json
Writing fractionally_sized_box-0d0dfc167b1facd4fe64512f727900a8142372d9.json
Writing images-12d1f09e41927fba329f44d09d493a3999352836.json
Writing circular_progress_indicator-a94f2052f0ab1a693cbee92d14b7b8dfe8e33659.json
Writing checkbox-f76328ef9f1987051e559fb27e949b9d2a89044f.json
Writing placeholder-4649001b2f9552ac2d89c0d241b8f7141c432e0a.json
Writing issue_10-a47444876b8a19f4bd9d1d5b8b9f34276d07ebb7.json
Writing animated_default_text_style-daac01d41e1058d33780789c11ed774ed7f0a57e.json
Writing bank_example-1e9350f8bc44b78feab33ab87b485ba930141d23.json
Writing layout_builder-d46b9d052583683459e98e0762cf63d01a8577c6.json
Writing wrap-2ca4d673097b0760b2e92b3cd58774eaea4a09a8.json
Writing baseline-b61ea728dab1a990cb7d4efa3cdedf9a201b45a5.json
Writing tween_animation-e5b59d51ca4086a2e7efc280cf1fff8107dc7f13.json
Writing issue_30-8ea6e89086112baba63111d16c11f6e1314c44ef.json
Writing card-d8f442f5dae830bd610b749772b948b6edff8073.json
Writing length-3970e3f60f37e04ab5eda915410497f2b49adab8.json
Writing intrinsic_height-058a3f9515e84517ef90d7d6d58441f13dca152f.json
Writing directionality-9b9b557b88587deef453c166eedc6eb616c5c4b7.json
Writing animated_switcher-b098b8b18168b62258c45cc08da96a7d74034507.json
Writing issue_109-acb63371cd4b46b9d02d850d7edbcb8bae552ae1.json
Writing clips-0a4b8933ca21dd7471a1ab6bb36448ecc98b9615.json
Writing cupertino_switch-597d5a9abf9eab61bd0c0666221e19e25174dab8.yaml
Writing radio-2dd52c42e952617e50dfa3ba90a2eca8c4cbd77b.json
Writing issue_20_single-8e64cb4a7b5b2305b6ad12657bf924d6a5b29687.json
Writing issue_11-ed81619e3e33e7626cb9768361d2195b3610c832.json
Writing semantics-4b7be3892822eff6891bd499a531448ff0190d51.json
Writing asset_images-e381c5647597642263aa4dae69752b7b3d06002d.json
Writing animated_opacity-328cef8542d1f84df2aa27c7a631013833bf4a34.json
Writing animated_positioned_directional-56812c8d01c0bd79f2bc7faf64cb94e1875d4d34.json
Writing offstage-3bbe088a4db2a6a9fb299b3f44b7a65fa124768d.json
Writing overflow_box-d05f75f31a4d001d2c5e3f3055ab2746a1635637.json
Writing issue_20_list-05a265b7e571a3308e218f704f4f91e42fd83845.json
Writing animated_container-602afd97eacb7e4e4f045b4c353f2e80e7e9808e.json
Writing variables-70cc80f52e82ba378b99f439637fe039b68fe4fa.json
Writing animated_padding-311bd24dbda00c4c55e51e7c80f974b1ccc30b45.json
Writing linear_progress_indicator-24d76393a9e7f0e958fc433986aed39d30aec91b.json
Writing image_page-3cddd9dd1fcb61fd1032fdca5d514f6d730f63b2.json
Writing animated_cross_fade-fba5150f8d67c860b696fbded6521edc99f59e76.json
Writing form-64c617f7e823cddb7087f85efa7317a0033a8465.json
Writing list_view-7a8320f5290e7a472469d6718fc5f87dcb2c09a0.json
Writing buttons-35c72d701d89fe0481fdac4eeadc55f1c564d873.json
Writing fitted_box-1bc7f75e596ea1ff7e23b090dd242e6de134eb5f.json
Writing gestures-d5b1c6cf98fbb681051322c8562a3baa68134dad.json
Writing input_error-7a551c78c6d8a4b70bff93640a886bbfcbb569e5.json
Writing for_each-369b0a54d397879dd51d85182a5a56d430716d7f.json
Writing center-50c9f80f1c9c07928b53df8cf09ab46d56d9a348.json
Writing popup_menu_button-10ac9292098e6f19f243d1935e6baf1e3abc0560.json
Writing application.tailwind-46ffc28df44c3a7d22a89ecacd7283d6ee3e230a.css
Writing issue_24-a4bea48bfcec8eae6c5deb6e5eeb277f02da50a4.json
Writing flit_view_components_manifest-bad63c10c6164e1c8526fd45f6c51edfeb020008.js
Writing flit_view_components/application-07d5b32cdbd86c0f375200ce543776e21c7df66b.css
Writing Inter-italic.greek.var-62d0c13c9e6166fb49746e55a2d281a9894fbd74.woff2
Writing Inter-roman.latin.var-cfeef184cf1025bb772f3fdefbb190aab33ff9c9.woff2
Writing Inter-italic.vietnamese.var-2db427d4b294e57d55981649e0931797d010deac.woff2
Writing Inter-roman.cyrillic.var-08656e0ddd40f97fb0e97867dcb4709429c3107a.woff2
Writing Inter-roman.greek.var-4eba59099c46e7b94439719ef0227eaa26835012.woff2
Writing Inter-roman.alternates.var-ded1c218fad600d60caffa85e6beba2b532190b1.woff2
Writing Inter-italic.latin.var-82d5698621656cb7d8fe772170e497087c349dc8.woff2
Writing Inter-roman.vietnamese.var-d36a92439a173536562a47bd7011122ed24ddd0d.woff2
Writing Inter-italic.symbols.var-395d63f303a6e7363e6adc3d87f2ae5db70f2fc7.woff2
Writing Inter-italic.extra.var-186c23532b8a15a573653d3cb4073ba5dcbe9f7d.woff2
Writing Inter-roman.symbols.var-9db05397b6e5b4c9e79b61eed2c1ac5723f3fb76.woff2
Writing Inter-italic.latin-ext.var-0de00a861e7e6c277688c9ca2f62cda8fd31a096.woff2
Writing Inter-italic.alternates.var-186c23532b8a15a573653d3cb4073ba5dcbe9f7d.woff2
Writing Inter-roman.latin-ext.var-242faad16969606dc8ea8979a8efcab5c66ebba9.woff2
Writing Inter-italic.cyrillic.var-7ebbd58e0ba080fd39658b783a108b49971c0448.woff2
Writing Inter-roman.extra.var-ded1c218fad600d60caffa85e6beba2b532190b1.woff2
Writing inter-font-1b0c468edea01b74041b0c74f0ae84d34c09f89f.css
Writing stimulus.min-b578de6ee47229210b2e5612b10f13d8afaff0eb.js
Writing stimulus-c59e44191071c2f1280650e195ac20d3838270bb.js
Writing stimulus.min.js-f495486afd86837b14eec4961e9a6a3d40d919d1.map
Writing stimulus-importmap-autoloader-64cc03e122be8e3b5669f64ae8ea80a1b736361d.js
Writing stimulus-autoloader-9d44742207826e04a2cc2f012317d921e8ea5cfa.js
Writing stimulus-loading-8ade71066f3152594b77e21595ddd0839ecb40ba.js
Writing turbo.min.js-aeb416e69aa4dc67893046ffd902d47e392951fc.map
Writing turbo-e535bd84b400879229c6086bd46d2b1f85a8517a.js
Writing turbo.min-522dcb4760c129e3820867b4b126a3904bacf96b.js
Writing es-module-shims.js-f913aa9a2196b2d319bed837931bcd4e6c4b411c.map
Writing es-module-shims-1d30b779c132809b5fca7d9f5d2cbec0923d5ecb.js
Writing es-module-shims.min-1591414b767d76f74d35113839083a25adfc471e.js
Writing action_cable-40f3e1cc9658e32f5eb5ecf198ce9d94e76a894a.js
Writing actioncable.esm-85aa97b3256ed7fb2bbdf3416eb58c7d41bdfc04.js
Writing actioncable-b4a864fc50a22f9c65071d0ea3b89ff1475f67bd.js
Writing actiontext-86b288de853761c22066a8f81c57ac6b0450e27f.js
Writing trix-7424d43f6541ff50ef8f615f4a96257b19d8d204.js
Writing trix-554f35844d5495b9c8ef9e83da17e35836e1cb01.css
Writing activestorage.esm-4a9b6182a1af599a8836ed3561e0f54374ab523c.js
Writing activestorage-c3960155e884386ce02cac80bafd1b2d95cf0230.js
Writing rails-ujs-66f8d3ff74b5fbe5cdf27e1d457ec1c96e964770.js
Writing application-eda52e37eed7bea2c6bc2c0aebc9b33a2823eb66.js
Writing controllers/hello_controller-708796bd5ce12cbe403a29f7854e63de72bf4321.js
Writing controllers/index-2a6fb54c25e6201328c0cd9d3ee2469368efdb66.js
Writing controllers/application-3affb3895ffcb21cd10ed1f10e8b2588be20737e.js
Started GET "/" for ::1 at 2023-03-05 16:27:09 -0500
Processing by WelcomeController#index as HTML
  Rendering layout layouts/application.html.erb
  Rendering welcome/index.html.erb within layouts/application
  Rendered welcome/index.html.erb within layouts/application (Duration: 1.0ms | Allocations: 333)
  Rendered layout layouts/application.html.erb (Duration: 4.0ms | Allocations: 2844)
Completed 500 Internal Server Error in 86ms (ActiveRecord: 0.0ms | Allocations: 7482)


  
ActionView::Template::Error (The asset 'application.css' was not found in the load path.):
     6:     <%= csrf_meta_tags %>
     7:     <%= csp_meta_tag %>
     8: 
     9:     <%= stylesheet_link_tag "application", "data-turbo-track": "reload" %>
    10:     <%= javascript_include_tag "application", "data-turbo-track": "reload", defer: true %>
    11:   </head>
    12: 
  
app/views/layouts/application.html.erb:9
Started GET "/" for ::1 at 2023-03-05 16:27:48 -0500
Processing by WelcomeController#index as HTML
  Rendering layout layouts/application.html.erb
  Rendering welcome/index.html.erb within layouts/application
  Rendered welcome/index.html.erb within layouts/application (Duration: 0.1ms | Allocations: 7)
  Rendered layout layouts/application.html.erb (Duration: 0.8ms | Allocations: 1312)
Completed 500 Internal Server Error in 70ms (ActiveRecord: 0.0ms | Allocations: 2535)


  
ActionView::Template::Error (The asset 'application.css' was not found in the load path.):
     6:     <%= csrf_meta_tags %>
     7:     <%= csp_meta_tag %>
     8: 
     9:     <%= stylesheet_link_tag "application", "data-turbo-track": "reload" %>
    10:     <%= javascript_include_tag "application", "data-turbo-track": "reload", defer: true %>
    11:   </head>
    12: 
  
app/views/layouts/application.html.erb:9
Started GET "/" for ::1 at 2023-03-05 16:27:50 -0500
Processing by WelcomeController#index as HTML
  Rendering layout layouts/application.html.erb
  Rendering welcome/index.html.erb within layouts/application
  Rendered welcome/index.html.erb within layouts/application (Duration: 0.2ms | Allocations: 7)
  Rendered layout layouts/application.html.erb (Duration: 0.9ms | Allocations: 1308)
Completed 500 Internal Server Error in 69ms (ActiveRecord: 0.0ms | Allocations: 2524)


  
ActionView::Template::Error (The asset 'application.css' was not found in the load path.):
     6:     <%= csrf_meta_tags %>
     7:     <%= csp_meta_tag %>
     8: 
     9:     <%= stylesheet_link_tag "application", "data-turbo-track": "reload" %>
    10:     <%= javascript_include_tag "application", "data-turbo-track": "reload", defer: true %>
    11:   </head>
    12: 
  
app/views/layouts/application.html.erb:9
Writing application-c2cd8c57e9286c50eac2281bac034fa8b97e68a3.css
Started GET "/" for ::1 at 2023-03-05 16:28:02 -0500
Processing by WelcomeController#index as HTML
  Rendering layout layouts/application.html.erb
  Rendering welcome/index.html.erb within layouts/application
  Rendered welcome/index.html.erb within layouts/application (Duration: 0.8ms | Allocations: 333)
  Rendered layout layouts/application.html.erb (Duration: 3.1ms | Allocations: 1751)
Completed 200 OK in 84ms (Views: 4.3ms | ActiveRecord: 0.0ms | Allocations: 6450)


Started GET "/" for ::1 at 2023-03-05 16:28:51 -0500
Processing by WelcomeController#index as HTML
Completed 500 Internal Server Error in 40ms (Allocations: 1426)


  
StandardError ([]):
  
app/controllers/welcome_controller.rb:5:in `index'
Started PUT "/__web_console/repl_sessions/f02e28ae846b339368ca16c549036d42" for ::1 at 2023-03-05 16:29:02 -0500
Started PUT "/__web_console/repl_sessions/f02e28ae846b339368ca16c549036d42" for ::1 at 2023-03-05 16:29:03 -0500
Started PUT "/__web_console/repl_sessions/f02e28ae846b339368ca16c549036d42" for ::1 at 2023-03-05 16:29:09 -0500
Started PUT "/__web_console/repl_sessions/f02e28ae846b339368ca16c549036d42" for ::1 at 2023-03-05 16:29:23 -0500
Started PUT "/__web_console/repl_sessions/f02e28ae846b339368ca16c549036d42" for ::1 at 2023-03-05 16:29:23 -0500
Started GET "/" for ::1 at 2023-03-05 16:30:04 -0500
Processing by WelcomeController#index as HTML
Completed 500 Internal Server Error in 56ms (Allocations: 1416)


  
StandardError ([]):
  
app/controllers/welcome_controller.rb:5:in `index'
Started PUT "/__web_console/repl_sessions/994903e39b031c57aa702a9c19a37583" for ::1 at 2023-03-05 16:31:23 -0500
Started PUT "/__web_console/repl_sessions/994903e39b031c57aa702a9c19a37583" for ::1 at 2023-03-05 16:31:31 -0500
Started PUT "/__web_console/repl_sessions/994903e39b031c57aa702a9c19a37583" for ::1 at 2023-03-05 16:33:12 -0500
Started PUT "/__web_console/repl_sessions/994903e39b031c57aa702a9c19a37583" for ::1 at 2023-03-05 16:33:12 -0500
Started PUT "/__web_console/repl_sessions/994903e39b031c57aa702a9c19a37583" for ::1 at 2023-03-05 16:33:13 -0500
Started PUT "/__web_console/repl_sessions/994903e39b031c57aa702a9c19a37583" for ::1 at 2023-03-05 16:33:14 -0500
Started PUT "/__web_console/repl_sessions/994903e39b031c57aa702a9c19a37583" for ::1 at 2023-03-05 16:33:15 -0500
Started PUT "/__web_console/repl_sessions/994903e39b031c57aa702a9c19a37583" for ::1 at 2023-03-05 16:33:25 -0500
Started PUT "/__web_console/repl_sessions/994903e39b031c57aa702a9c19a37583" for ::1 at 2023-03-05 16:33:30 -0500
Started PUT "/__web_console/repl_sessions/994903e39b031c57aa702a9c19a37583" for ::1 at 2023-03-05 16:33:39 -0500
Started PUT "/__web_console/repl_sessions/994903e39b031c57aa702a9c19a37583" for ::1 at 2023-03-05 16:34:23 -0500
Started PUT "/__web_console/repl_sessions/994903e39b031c57aa702a9c19a37583" for ::1 at 2023-03-05 16:34:55 -0500
Started PUT "/__web_console/repl_sessions/994903e39b031c57aa702a9c19a37583" for ::1 at 2023-03-05 16:34:59 -0500
Started PUT "/__web_console/repl_sessions/994903e39b031c57aa702a9c19a37583" for ::1 at 2023-03-05 16:35:18 -0500
Started PUT "/__web_console/repl_sessions/994903e39b031c57aa702a9c19a37583" for ::1 at 2023-03-05 16:35:30 -0500
Started PUT "/__web_console/repl_sessions/994903e39b031c57aa702a9c19a37583" for ::1 at 2023-03-05 16:35:43 -0500
Started PUT "/__web_console/repl_sessions/994903e39b031c57aa702a9c19a37583" for ::1 at 2023-03-05 16:40:22 -0500
Started PUT "/__web_console/repl_sessions/994903e39b031c57aa702a9c19a37583" for ::1 at 2023-03-05 16:40:23 -0500
Started PUT "/__web_console/repl_sessions/994903e39b031c57aa702a9c19a37583" for ::1 at 2023-03-05 16:40:27 -0500
Started GET "/" for ::1 at 2023-03-05 16:40:56 -0500
Processing by WelcomeController#index as HTML
Completed 500 Internal Server Error in 42ms (Allocations: 1003)


  
Errno::ENOENT (No such file or directory @ dir_initialize - /Users/afstanton/code/afstanton/json_flit/demo/app/assets/pages/*):
  
app/controllers/welcome_controller.rb:4:in `entries'
app/controllers/welcome_controller.rb:4:in `index'
Started PUT "/__web_console/repl_sessions/080869ee91f02310fb89cdece1b406d8" for ::1 at 2023-03-05 16:41:01 -0500
Started PUT "/__web_console/repl_sessions/080869ee91f02310fb89cdece1b406d8" for ::1 at 2023-03-05 16:41:02 -0500
Started PUT "/__web_console/repl_sessions/080869ee91f02310fb89cdece1b406d8" for ::1 at 2023-03-05 16:41:05 -0500
Started GET "/" for ::1 at 2023-03-05 16:42:08 -0500
Processing by WelcomeController#index as HTML
Completed 500 Internal Server Error in 40ms (Allocations: 997)


  
Errno::ENOENT (No such file or directory @ dir_initialize - /Users/afstanton/code/afstanton/json_flit/demo/app/assets/pages/*):
  
app/controllers/welcome_controller.rb:4:in `entries'
app/controllers/welcome_controller.rb:4:in `index'
Started GET "/" for ::1 at 2023-03-05 16:42:39 -0500
Processing by WelcomeController#index as HTML
  Rendering layout layouts/application.html.erb
  Rendering welcome/index.html.erb within layouts/application
  Rendered welcome/index.html.erb within layouts/application (Duration: 0.2ms | Allocations: 8)
  Rendered layout layouts/application.html.erb (Duration: 1.6ms | Allocations: 644)
Completed 200 OK in 42ms (Views: 2.5ms | Allocations: 2102)


Started GET "/" for ::1 at 2023-03-05 16:43:13 -0500
Processing by WelcomeController#index as HTML
Completed 500 Internal Server Error in 40ms (Allocations: 1431)


  
StandardError (["/Users/afstanton/code/afstanton/json_flit/demo/app/assets/pages/align.json", "/Users/afstanton/code/afstanton/json_flit/demo/app/assets/pages/animated_align.json", "/Users/afstanton/code/afstanton/json_flit/demo/app/assets/pages/animated_container.json", "/Users/afstanton/code/afstanton/json_flit/demo/app/assets/pages/animated_cross_fade.json", "/Users/afstanton/code/afstanton/json_flit/demo/app/assets/pages/animated_default_text_style.json", "/Users/afstanton/code/afstanton/json_flit/demo/app/assets/pages/animated_opacity.json", "/Users/afstanton/code/afstanton/json_flit/demo/app/assets/pages/animated_padding.json", "/Users/afstanton/code/afstanton/json_flit/demo/app/assets/pages/animated_physical_model.json", "/Users/afstanton/code/afstanton/json_flit/demo/app/assets/pages/animated_positioned.json", "/Users/afstanton/code/afstanton/json_flit/demo/app/assets/pages/animated_positioned_directional.json", "/Users/afstanton/code/afstanton/json_flit/demo/app/assets/pages/animated_size.json", "/Users/afstanton/code/afstanton/json_flit/demo/app/assets/pages/animated_switcher.json", "/Users/afstanton/code/afstanton/json_flit/demo/app/assets/pages/animated_theme.json", "/Users/afstanton/code/afstanton/json_flit/demo/app/assets/pages/aspect_ratio.json", "/Users/afstanton/code/afstanton/json_flit/demo/app/assets/pages/asset_images.json", "/Users/afstanton/code/afstanton/json_flit/demo/app/assets/pages/bank_example.json", "/Users/afstanton/code/afstanton/json_flit/demo/app/assets/pages/baseline.json", "/Users/afstanton/code/afstanton/json_flit/demo/app/assets/pages/buttons.json", "/Users/afstanton/code/afstanton/json_flit/demo/app/assets/pages/card.json", "/Users/afstanton/code/afstanton/json_flit/demo/app/assets/pages/center.json", "/Users/afstanton/code/afstanton/json_flit/demo/app/assets/pages/checkbox.json", "/Users/afstanton/code/afstanton/json_flit/demo/app/assets/pages/circular_progress_indicator.json", "/Users/afstanton/code/afstanton/json_flit/demo/app/assets/pages/clips.json", "/Users/afstanton/code/afstanton/json_flit/demo/app/assets/pages/conditional.json", "/Users/afstanton/code/afstanton/json_flit/demo/app/assets/pages/cupertino_switch.yaml", "/Users/afstanton/code/afstanton/json_flit/demo/app/assets/pages/decorated_box.json", "/Users/afstanton/code/afstanton/json_flit/demo/app/assets/pages/directionality.json", "/Users/afstanton/code/afstanton/json_flit/demo/app/assets/pages/dynamic.json", "/Users/afstanton/code/afstanton/json_flit/demo/app/assets/pages/fitted_box.json", "/Users/afstanton/code/afstanton/json_flit/demo/app/assets/pages/for_each.json", "/Users/afstanton/code/afstanton/json_flit/demo/app/assets/pages/form.json", "/Users/afstanton/code/afstanton/json_flit/demo/app/assets/pages/fractional_translation.json", "/Users/afstanton/code/afstanton/json_flit/demo/app/assets/pages/fractionally_sized_box.json", "/Users/afstanton/code/afstanton/json_flit/demo/app/assets/pages/gestures.json", "/Users/afstanton/code/afstanton/json_flit/demo/app/assets/pages/grid_view.json", "/Users/afstanton/code/afstanton/json_flit/demo/app/assets/pages/image_page.json", "/Users/afstanton/code/afstanton/json_flit/demo/app/assets/pages/images.json", "/Users/afstanton/code/afstanton/json_flit/demo/app/assets/pages/indexed_stack.json", "/Users/afstanton/code/afstanton/json_flit/demo/app/assets/pages/input_error.json", "/Users/afstanton/code/afstanton/json_flit/demo/app/assets/pages/interactive_viewer.json", "/Users/afstanton/code/afstanton/json_flit/demo/app/assets/pages/intrinsic_height.json", "/Users/afstanton/code/afstanton/json_flit/demo/app/assets/pages/intrinsic_width.json", "/Users/afstanton/code/afstanton/json_flit/demo/app/assets/pages/issue_10.json", "/Users/afstanton/code/afstanton/json_flit/demo/app/assets/pages/issue_109.json", "/Users/afstanton/code/afstanton/json_flit/demo/app/assets/pages/issue_11.json", "/Users/afstanton/code/afstanton/json_flit/demo/app/assets/pages/issue_12.json", "/Users/afstanton/code/afstanton/json_flit/demo/app/assets/pages/issue_20_list.json", "/Users/afstanton/code/afstanton/json_flit/demo/app/assets/pages/issue_20_single.json", "/Users/afstanton/code/afstanton/json_flit/demo/app/assets/pages/issue_30.json", "/Users/afstanton/code/afstanton/json_flit/demo/app/assets/pages/layout_builder.json", "/Users/afstanton/code/afstanton/json_flit/demo/app/assets/pages/length.json", "/Users/afstanton/code/afstanton/json_flit/demo/app/assets/pages/limited_box.json", "/Users/afstanton/code/afstanton/json_flit/demo/app/assets/pages/linear_progress_indicator.json", "/Users/afstanton/code/afstanton/json_flit/demo/app/assets/pages/list_view.json", "/Users/afstanton/code/afstanton/json_flit/demo/app/assets/pages/measured.json", "/Users/afstanton/code/afstanton/json_flit/demo/app/assets/pages/offstage.json", "/Users/afstanton/code/afstanton/json_flit/demo/app/assets/pages/opacity.json", "/Users/afstanton/code/afstanton/json_flit/demo/app/assets/pages/overflow_box.json", "/Users/afstanton/code/afstanton/json_flit/demo/app/assets/pages/placeholder.json", "/Users/afstanton/code/afstanton/json_flit/demo/app/assets/pages/popup_menu_button.json", "/Users/afstanton/code/afstanton/json_flit/demo/app/assets/pages/radio.json", "/Users/afstanton/code/afstanton/json_flit/demo/app/assets/pages/rich_text.json", "/Users/afstanton/code/afstanton/json_flit/demo/app/assets/pages/scroll_view.json", "/Users/afstanton/code/afstanton/json_flit/demo/app/assets/pages/semantics.json", "/Users/afstanton/code/afstanton/json_flit/demo/app/assets/pages/set_default_value.json", "/Users/afstanton/code/afstanton/json_flit/demo/app/assets/pages/simple_page.json", "/Users/afstanton/code/afstanton/json_flit/demo/app/assets/pages/slivers.json", "/Users/afstanton/code/afstanton/json_flit/demo/app/assets/pages/switch.json", "/Users/afstanton/code/afstanton/json_flit/demo/app/assets/pages/theme.json", "/Users/afstanton/code/afstanton/json_flit/demo/app/assets/pages/tooltip.json", "/Users/afstanton/code/afstanton/json_flit/demo/app/assets/pages/tween_animation.json", "/Users/afstanton/code/afstanton/json_flit/demo/app/assets/pages/variables.json", "/Users/afstanton/code/afstanton/json_flit/demo/app/assets/pages/wrap.json"]):
  
app/controllers/welcome_controller.rb:5:in `index'
Started PUT "/__web_console/repl_sessions/362b22b0d3685c6195bca2dcdb473089" for ::1 at 2023-03-05 16:43:24 -0500
Started PUT "/__web_console/repl_sessions/362b22b0d3685c6195bca2dcdb473089" for ::1 at 2023-03-05 16:43:25 -0500
Started GET "/" for ::1 at 2023-03-05 16:44:19 -0500
Processing by WelcomeController#index as HTML
Completed 500 Internal Server Error in 42ms (Allocations: 1431)


  
StandardError (["align", "animated_align", "animated_container", "animated_cross_fade", "animated_default_text_style", "animated_opacity", "animated_padding", "animated_physical_model", "animated_positioned", "animated_positioned_directional", "animated_size", "animated_switcher", "animated_theme", "aspect_ratio", "asset_images", "bank_example", "baseline", "buttons", "card", "center", "checkbox", "circular_progress_indicator", "clips", "conditional", "cupertino_switch", "decorated_box", "directionality", "dynamic", "fitted_box", "for_each", "form", "fractional_translation", "fractionally_sized_box", "gestures", "grid_view", "image_page", "images", "indexed_stack", "input_error", "interactive_viewer", "intrinsic_height", "intrinsic_width", "issue_10", "issue_109", "issue_11", "issue_12", "issue_20_list", "issue_20_single", "issue_30", "layout_builder", "length", "limited_box", "linear_progress_indicator", "list_view", "measured", "offstage", "opacity", "overflow_box", "placeholder", "popup_menu_button", "radio", "rich_text", "scroll_view", "semantics", "set_default_value", "simple_page", "slivers", "switch", "theme", "tooltip", "tween_animation", "variables", "wrap"]):
  
app/controllers/welcome_controller.rb:5:in `index'
Started GET "/" for ::1 at 2023-03-05 16:44:34 -0500
Processing by WelcomeController#index as HTML
  Rendering layout layouts/application.html.erb
  Rendering welcome/index.html.erb within layouts/application
  Rendered welcome/index.html.erb within layouts/application (Duration: 2.3ms | Allocations: 1365)
  Rendered layout layouts/application.html.erb (Duration: 3.8ms | Allocations: 1986)
Completed 200 OK in 45ms (Views: 4.2ms | Allocations: 3443)


Started GET "/" for ::1 at 2023-03-05 16:45:02 -0500
Processing by WelcomeController#index as HTML
  Rendering layout layouts/application.html.erb
  Rendering welcome/index.html.erb within layouts/application
  Rendered welcome/index.html.erb within layouts/application (Duration: 0.9ms | Allocations: 1496)
  Rendered layout layouts/application.html.erb (Duration: 2.2ms | Allocations: 2303)
Completed 200 OK in 43ms (Views: 3.0ms | Allocations: 4077)


Started GET "/align" for ::1 at 2023-03-05 16:45:04 -0500
Processing by WelcomeController#show as HTML
  Parameters: {"page"=>"align"}
  Rendering layout layouts/application.html.erb
  Rendering welcome/show.html.erb within layouts/application
  Rendered welcome/show.html.erb within layouts/application (Duration: 1.1ms | Allocations: 89)
  Rendered layout layouts/application.html.erb (Duration: 2.9ms | Allocations: 671)
Completed 200 OK in 71ms (Views: 3.2ms | Allocations: 1412)


